<?xml version="1.0" encoding="UTF-8"?>
<!-- Generated by org.testng.reporters.JUnitReportReporter -->
<testsuite hostname="DESKTOP-1MI440S" failures="0" tests="1" name="BTS.Script01" time="0.027" errors="0" timestamp="2024-08-14T14:51:29 IST" skipped="0">
  <testcase classname="BTS.Script01" name="bubble" time="0.027"/>
  <system-out/>
</testsuite> <!-- BTS.Script01 -->
